c:\users\fanss\desktop\aulas\estagio\lojaguitarras\debug\vc142.pdb
c:\users\fanss\desktop\aulas\estagio\lojaguitarras\debug\vc142.idb
c:\users\fanss\desktop\aulas\estagio\lojaguitarras\debug\menu.nativecodeanalysis.sarif
c:\users\fanss\desktop\aulas\estagio\lojaguitarras\debug\menu.nativecodeanalysis.xml
c:\users\fanss\desktop\aulas\estagio\lojaguitarras\debug\main.nativecodeanalysis.sarif
c:\users\fanss\desktop\aulas\estagio\lojaguitarras\debug\main.nativecodeanalysis.xml
c:\users\fanss\desktop\aulas\estagio\lojaguitarras\debug\iniciaguitarra.nativecodeanalysis.sarif
c:\users\fanss\desktop\aulas\estagio\lojaguitarras\debug\iniciaguitarra.nativecodeanalysis.xml
c:\users\fanss\desktop\aulas\estagio\lojaguitarras\debug\iniciacliente.nativecodeanalysis.sarif
c:\users\fanss\desktop\aulas\estagio\lojaguitarras\debug\iniciacliente.nativecodeanalysis.xml
c:\users\fanss\desktop\aulas\estagio\lojaguitarras\debug\guitarras.nativecodeanalysis.sarif
c:\users\fanss\desktop\aulas\estagio\lojaguitarras\debug\guitarras.nativecodeanalysis.xml
c:\users\fanss\desktop\aulas\estagio\lojaguitarras\debug\clientes.nativecodeanalysis.sarif
c:\users\fanss\desktop\aulas\estagio\lojaguitarras\debug\clientes.nativecodeanalysis.xml
c:\users\fanss\desktop\aulas\estagio\lojaguitarras\debug\bibliotecas.nativecodeanalysis.sarif
c:\users\fanss\desktop\aulas\estagio\lojaguitarras\debug\bibliotecas.nativecodeanalysis.xml
c:\users\fanss\desktop\aulas\estagio\lojaguitarras\debug\atualizaficheiros.nativecodeanalysis.sarif
c:\users\fanss\desktop\aulas\estagio\lojaguitarras\debug\atualizaficheiros.nativecodeanalysis.xml
c:\users\fanss\desktop\aulas\estagio\lojaguitarras\debug\alugueres.nativecodeanalysis.sarif
c:\users\fanss\desktop\aulas\estagio\lojaguitarras\debug\alugueres.nativecodeanalysis.xml
c:\users\fanss\desktop\aulas\estagio\lojaguitarras\debug\alugueres.obj
c:\users\fanss\desktop\aulas\estagio\lojaguitarras\debug\atualizaficheiros.obj
c:\users\fanss\desktop\aulas\estagio\lojaguitarras\debug\bibliotecas.obj
c:\users\fanss\desktop\aulas\estagio\lojaguitarras\debug\clientes.obj
c:\users\fanss\desktop\aulas\estagio\lojaguitarras\debug\guitarras.obj
c:\users\fanss\desktop\aulas\estagio\lojaguitarras\debug\iniciacliente.obj
c:\users\fanss\desktop\aulas\estagio\lojaguitarras\debug\iniciaguitarra.obj
c:\users\fanss\desktop\aulas\estagio\lojaguitarras\debug\main.obj
c:\users\fanss\desktop\aulas\estagio\lojaguitarras\debug\menu.obj
c:\users\fanss\desktop\aulas\estagio\lojaguitarras\debug\lojaguitarras.ilk
c:\users\fanss\desktop\aulas\estagio\lojaguitarras\debug\lojaguitarras.exe
c:\users\fanss\desktop\aulas\estagio\lojaguitarras\debug\lojaguitarras.pdb
c:\users\fanss\desktop\aulas\estagio\lojaguitarras\debug\vc.nativecodeanalysis.all.xml
c:\users\fanss\desktop\aulas\estagio\lojaguitarras\debug\lojaguitarras.tlog\cl.command.1.tlog
c:\users\fanss\desktop\aulas\estagio\lojaguitarras\debug\lojaguitarras.tlog\cl.read.1.tlog
c:\users\fanss\desktop\aulas\estagio\lojaguitarras\debug\lojaguitarras.tlog\cl.write.1.tlog
c:\users\fanss\desktop\aulas\estagio\lojaguitarras\debug\lojaguitarras.tlog\link.command.1.tlog
c:\users\fanss\desktop\aulas\estagio\lojaguitarras\debug\lojaguitarras.tlog\link.read.1.tlog
c:\users\fanss\desktop\aulas\estagio\lojaguitarras\debug\lojaguitarras.tlog\link.write.1.tlog
